2020-04-14 10:45:09,082 INFO  [org.jboss.modules] (main) JBoss Modules version 1.10.0.Final
2020-04-14 10:45:11,164 INFO  [org.jboss.msc] (main) JBoss MSC version 1.4.11.Final
2020-04-14 10:45:11,190 INFO  [org.jboss.threads] (main) JBoss Threads version 2.3.3.Final
2020-04-14 10:45:11,603 INFO  [org.jboss.as] (MSC service thread 1-2) WFLYSRV0049: WildFly Full 19.0.0.Final (WildFly Core 11.0.0.Final) starting
2020-04-14 10:45:11,605 DEBUG [org.jboss.as.config] (MSC service thread 1-2) Configured system properties:
	awt.toolkit = sun.awt.windows.WToolkit
	file.encoding = Cp1252
	file.encoding.pkg = sun.io
	file.separator = \
	java.awt.graphicsenv = sun.awt.Win32GraphicsEnvironment
	java.awt.headless = true
	java.awt.printerjob = sun.awt.windows.WPrinterJob
	java.class.path = C:\FAKS\Agentske tehnologije\wildfly-19.0.0.Final\jboss-modules.jar
	java.class.version = 52.0
	java.endorsed.dirs = C:\Program Files\Java\jre1.8.0_231\lib\endorsed
	java.ext.dirs = C:\Program Files\Java\jre1.8.0_231\lib\ext;C:\Windows\Sun\Java\lib\ext
	java.home = C:\Program Files\Java\jre1.8.0_231
	java.io.tmpdir = C:\Users\PP\AppData\Local\Temp\
	java.library.path = C:\Program Files\Java\jre1.8.0_231\bin;C:\Windows\Sun\Java\bin;C:\Windows\system32;C:\Windows;native;C:/Program Files/Java/jre1.8.0_231/bin/server;C:/Program Files/Java/jre1.8.0_231/bin;C:/Program Files/Java/jre1.8.0_231/lib/amd64;C:\oraclexe\app\oracle\product\11.2.0\server\bin;;C:\Program Files (x86)\Common Files\Oracle\Java\javapath;C:\Windows\system32;C:\Windows;C:\Windows\System32\Wbem;C:\Windows\System32\WindowsPowerShell\v1.0\;C:\Program Files\NVIDIA Corporation\NVIDIA NvDLISR;C:\Program Files (x86)\NVIDIA Corporation\PhysX\Common;C:\Program Files\Git\cmd;C:\Program Files\nodejs\;C:\Program Files\dotnet\;C:\Users\PP\AppData\Roaming\npm;C:\Users\PP\AppData\Local\Programs\Microsoft VS Code\bin;C:\eclipse;;.
	java.net.preferIPv4Stack = true
	java.runtime.name = Java(TM) SE Runtime Environment
	java.runtime.version = 1.8.0_231-b11
	java.specification.name = Java Platform API Specification
	java.specification.vendor = Oracle Corporation
	java.specification.version = 1.8
	java.util.logging.manager = org.jboss.logmanager.LogManager
	java.vendor = Oracle Corporation
	java.vendor.url = http://java.oracle.com/
	java.vendor.url.bug = http://bugreport.sun.com/bugreport/
	java.version = 1.8.0_231
	java.vm.info = mixed mode
	java.vm.name = Java HotSpot(TM) 64-Bit Server VM
	java.vm.specification.name = Java Virtual Machine Specification
	java.vm.specification.vendor = Oracle Corporation
	java.vm.specification.version = 1.8
	java.vm.vendor = Oracle Corporation
	java.vm.version = 25.231-b11
	javax.management.builder.initial = org.jboss.as.jmx.PluggableMBeanServerBuilder
	jboss.bind.address = localhost
	jboss.bind.address.management = localhost
	jboss.home.dir = C:\FAKS\Agentske tehnologije\wildfly-19.0.0.Final
	jboss.host.name = pp-pc
	jboss.modules.dir = C:\FAKS\Agentske tehnologije\wildfly-19.0.0.Final\modules
	jboss.modules.system.pkgs = org.jboss.byteman
	jboss.node.name = pp-pc
	jboss.qualified.host.name = pp-pc
	jboss.server.base.dir = C:\FAKS\Agentske tehnologije\wildfly-19.0.0.Final\standalone
	jboss.server.config.dir = C:\FAKS\Agentske tehnologije\wildfly-19.0.0.Final\standalone\configuration
	jboss.server.data.dir = C:\FAKS\Agentske tehnologije\wildfly-19.0.0.Final\standalone\data
	jboss.server.deploy.dir = C:\FAKS\Agentske tehnologije\wildfly-19.0.0.Final\standalone\data\content
	jboss.server.log.dir = C:\FAKS\Agentske tehnologije\wildfly-19.0.0.Final\standalone\log
	jboss.server.name = pp-pc
	jboss.server.persist.config = true
	jboss.server.temp.dir = C:\FAKS\Agentske tehnologije\wildfly-19.0.0.Final\standalone\tmp
	line.separator = 

	logging.configuration = file:C:\FAKS\Agentske tehnologije\wildfly-19.0.0.Final\standalone\configuration\logging.properties
	module.path = C:\FAKS\Agentske tehnologije\wildfly-19.0.0.Final\modules
	org.jboss.boot.log.file = C:\FAKS\Agentske tehnologije\wildfly-19.0.0.Final\standalone\log\boot.log
	org.jboss.logmanager.nocolor = true
	org.jboss.resolver.warning = true
	os.arch = amd64
	os.name = Windows 7
	os.version = 6.1
	path.separator = ;
	program.name = JBossTools: WildFly 11 at localhost
	sun.arch.data.model = 64
	sun.boot.class.path = C:\Program Files\Java\jre1.8.0_231\lib\resources.jar;C:\Program Files\Java\jre1.8.0_231\lib\rt.jar;C:\Program Files\Java\jre1.8.0_231\lib\sunrsasign.jar;C:\Program Files\Java\jre1.8.0_231\lib\jsse.jar;C:\Program Files\Java\jre1.8.0_231\lib\jce.jar;C:\Program Files\Java\jre1.8.0_231\lib\charsets.jar;C:\Program Files\Java\jre1.8.0_231\lib\jfr.jar;C:\Program Files\Java\jre1.8.0_231\classes
	sun.boot.library.path = C:\Program Files\Java\jre1.8.0_231\bin
	sun.cpu.endian = little
	sun.cpu.isalist = amd64
	sun.desktop = windows
	sun.io.unicode.encoding = UnicodeLittle
	sun.java.command = org.jboss.modules.Main -mp C:\FAKS\Agentske tehnologije\wildfly-19.0.0.Final\modules org.jboss.as.standalone -b localhost --server-config=standalone-full-ha.xml -Djboss.server.base.dir=C:\FAKS\Agentske tehnologije\wildfly-19.0.0.Final\standalone
	sun.java.launcher = SUN_STANDARD
	sun.jnu.encoding = Cp1252
	sun.management.compiler = HotSpot 64-Bit Tiered Compilers
	sun.os.patch.level = Service Pack 1
	sun.rmi.dgc.client.gcInterval = 3600000
	sun.rmi.dgc.server.gcInterval = 3600000
	user.country = US
	user.dir = C:\FAKS\Agentske tehnologije\wildfly-19.0.0.Final\bin
	user.home = C:\Users\PP
	user.language = en
	user.name = PP
	user.script = 
	user.timezone = Europe/Prague
	user.variant = 
2020-04-14 10:45:11,605 DEBUG [org.jboss.as.config] (MSC service thread 1-2) VM Arguments: -Dprogram.name=JBossTools: WildFly 11 at localhost -Xms64m -Xmx512m -Dorg.jboss.resolver.warning=true -Djava.net.preferIPv4Stack=true -Dsun.rmi.dgc.client.gcInterval=3600000 -Dsun.rmi.dgc.server.gcInterval=3600000 -Djboss.modules.system.pkgs=org.jboss.byteman -Djava.awt.headless=true -Dorg.jboss.boot.log.file=C:\FAKS\Agentske tehnologije\wildfly-19.0.0.Final\standalone\log\boot.log -Dlogging.configuration=file:C:\FAKS\Agentske tehnologije\wildfly-19.0.0.Final\standalone\configuration\logging.properties -Djboss.home.dir=C:\FAKS\Agentske tehnologije\wildfly-19.0.0.Final -Dorg.jboss.logmanager.nocolor=true -Djboss.bind.address.management=localhost -Dfile.encoding=Cp1252 
2020-04-14 10:45:25,085 INFO  [org.wildfly.security] (ServerService Thread Pool -- 29) ELY00001: WildFly Elytron version 1.11.2.Final
2020-04-14 10:45:26,301 WARN  [org.jboss.as.clustering.infinispan] (Controller Boot Thread) WFLYCLINF0004: The 'strategy' attribute of the 'eviction' element is no longer supported and will be ignored
2020-04-14 10:45:26,302 WARN  [org.jboss.as.clustering.infinispan] (Controller Boot Thread) WFLYCLINF0004: The 'strategy' attribute of the 'eviction' element is no longer supported and will be ignored
2020-04-14 10:45:31,617 INFO  [org.jboss.as.controller.management-deprecated] (Controller Boot Thread) WFLYCTL0028: Attribute 'security-realm' in the resource at address '/core-service=management/management-interface=http-interface' is deprecated, and may be removed in a future version. See the attribute description in the output of the read-resource-description operation to learn more about the deprecation.
2020-04-14 10:45:31,698 INFO  [org.jboss.as.controller.management-deprecated] (ServerService Thread Pool -- 4) WFLYCTL0028: Attribute 'security-realm' in the resource at address '/subsystem=undertow/server=default-server/https-listener=https' is deprecated, and may be removed in a future version. See the attribute description in the output of the read-resource-description operation to learn more about the deprecation.
2020-04-14 10:45:32,127 INFO  [org.jboss.as.server] (Controller Boot Thread) WFLYSRV0039: Creating http management service using socket-binding (management-http)
2020-04-14 10:45:32,304 INFO  [org.xnio] (MSC service thread 1-1) XNIO version 3.7.7.Final
2020-04-14 10:45:32,313 INFO  [org.xnio.nio] (MSC service thread 1-1) XNIO NIO Implementation Version 3.7.7.Final
2020-04-14 10:45:32,437 INFO  [org.jboss.as.clustering.infinispan] (ServerService Thread Pool -- 48) WFLYCLINF0001: Activating Infinispan subsystem.
2020-04-14 10:45:32,455 INFO  [org.jboss.as.clustering.jgroups] (ServerService Thread Pool -- 53) WFLYCLJG0001: Activating JGroups subsystem. JGroups version 4.1.9
2020-04-14 10:45:32,457 INFO  [org.jboss.as.webservices] (ServerService Thread Pool -- 72) WFLYWS0002: Activating WebServices Extension
2020-04-14 10:45:32,459 WARN  [org.jboss.as.txn] (ServerService Thread Pool -- 70) WFLYTX0013: The node-identifier attribute on the /subsystem=transactions is set to the default value. This is a danger for environments running multiple servers. Please make sure the attribute value is unique.
2020-04-14 10:45:33,169 INFO  [org.jboss.as.jsf] (ServerService Thread Pool -- 56) WFLYJSF0007: Activated the following JSF Implementations: [main]
2020-04-14 10:45:33,285 INFO  [org.jboss.as.security] (ServerService Thread Pool -- 68) WFLYSEC0002: Activating Security Subsystem
2020-04-14 10:45:33,286 INFO  [org.jboss.as.naming] (ServerService Thread Pool -- 61) WFLYNAM0001: Activating Naming Subsystem
2020-04-14 10:45:33,554 INFO  [org.jboss.as.security] (MSC service thread 1-5) WFLYSEC0001: Current PicketBox version=5.0.3.Final
2020-04-14 10:45:34,057 INFO  [org.jboss.as.connector] (MSC service thread 1-8) WFLYJCA0009: Starting JCA Subsystem (WildFly/IronJacamar 1.4.20.Final)
2020-04-14 10:45:34,271 INFO  [org.wildfly.iiop.openjdk] (ServerService Thread Pool -- 49) WFLYIIOP0001: Activating IIOP Subsystem
2020-04-14 10:45:34,783 INFO  [org.wildfly.extension.undertow] (MSC service thread 1-8) WFLYUT0003: Undertow 2.0.30.Final starting
2020-04-14 10:45:34,900 WARN  [org.wildfly.clustering.web.undertow] (ServerService Thread Pool -- 71) WFLYCLWEBUT0007: No routing provider found for default-server; using legacy provider based on static configuration
2020-04-14 10:45:36,182 INFO  [org.jboss.as.connector.subsystems.datasources] (ServerService Thread Pool -- 42) WFLYJCA0004: Deploying JDBC-compliant driver class org.h2.Driver (version 1.4)
2020-04-14 10:45:36,475 INFO  [org.jboss.as.connector.deployers.jdbc] (MSC service thread 1-4) WFLYJCA0018: Started Driver service with driver-name = h2
2020-04-14 10:45:36,748 INFO  [org.jboss.as.jaxrs] (ServerService Thread Pool -- 50) WFLYRS0016: RESTEasy version 3.11.0.Final
2020-04-14 10:45:37,316 INFO  [org.jboss.as.naming] (MSC service thread 1-7) WFLYNAM0003: Starting Naming Service
2020-04-14 10:45:37,318 INFO  [org.jboss.as.mail.extension] (MSC service thread 1-7) WFLYMAIL0001: Bound mail session [java:jboss/mail/Default]
2020-04-14 10:45:37,465 INFO  [org.wildfly.extension.io] (ServerService Thread Pool -- 47) WFLYIO001: Worker 'default' has auto-configured to 8 IO threads with 64 max task threads based on your 4 available processors
2020-04-14 10:45:38,424 INFO  [org.wildfly.extension.undertow] (ServerService Thread Pool -- 71) WFLYUT0014: Creating file handler for path 'C:\FAKS\Agentske tehnologije\wildfly-19.0.0.Final/welcome-content' with options [directory-listing: 'false', follow-symlink: 'false', case-sensitive: 'true', safe-symlink-paths: '[]']
2020-04-14 10:45:40,060 INFO  [org.jboss.remoting] (MSC service thread 1-1) JBoss Remoting version 5.0.17.Final
2020-04-14 10:45:40,546 INFO  [org.jboss.as.ejb3] (MSC service thread 1-2) WFLYEJB0481: Strict pool slsb-strict-max-pool is using a max instance size of 64 (per class), which is derived from thread worker pool sizing.
2020-04-14 10:45:40,547 INFO  [org.jboss.as.ejb3] (MSC service thread 1-8) WFLYEJB0482: Strict pool mdb-strict-max-pool is using a max instance size of 16 (per class), which is derived from the number of CPUs on this host.
2020-04-14 10:45:40,782 INFO  [org.wildfly.extension.undertow] (MSC service thread 1-3) WFLYUT0012: Started server default-server.
2020-04-14 10:45:40,785 INFO  [org.wildfly.extension.undertow] (MSC service thread 1-5) WFLYUT0018: Host default-host starting
2020-04-14 10:45:42,535 INFO  [org.wildfly.extension.undertow] (MSC service thread 1-8) WFLYUT0006: Undertow HTTP listener default listening on 127.0.0.1:8080
2020-04-14 10:45:42,535 INFO  [org.wildfly.extension.undertow] (MSC service thread 1-2) WFLYUT0006: Undertow AJP listener ajp listening on 127.0.0.1:8009
2020-04-14 10:45:42,542 INFO  [org.jboss.modcluster] (ServerService Thread Pool -- 74) MODCLUSTER000001: Initializing mod_cluster version 1.4.1.Final
2020-04-14 10:45:42,649 INFO  [org.jboss.modcluster] (ServerService Thread Pool -- 74) MODCLUSTER000032: Listening to proxy advertisements on /224.0.1.105:23364
2020-04-14 10:45:43,301 INFO  [org.jboss.as.ejb3] (MSC service thread 1-2) WFLYEJB0493: EJB subsystem suspension complete
2020-04-14 10:45:44,815 INFO  [org.jboss.as.connector.subsystems.datasources] (MSC service thread 1-6) WFLYJCA0001: Bound data source [java:jboss/datasources/ExampleDS]
2020-04-14 10:45:50,190 INFO  [org.jboss.as.patching] (MSC service thread 1-6) WFLYPAT0050: WildFly Full cumulative patch ID is: base, one-off patches include: none
2020-04-14 10:45:50,622 WARN  [org.jboss.as.domain.management.security] (MSC service thread 1-8) WFLYDM0111: Keystore C:\FAKS\Agentske tehnologije\wildfly-19.0.0.Final\standalone\configuration\application.keystore not found, it will be auto generated on first use with a self signed certificate for host localhost
